<?xml version="1.0" encoding="UTF-8"?>
<!-- Generated by org.testng.reporters.JUnitXMLReporter -->
<testsuite ignored="0" hostname="DESKTOP-N9IAUI1" failures="2" tests="2" name="Test" time="0.572" errors="0" timestamp="06 Sep 2019 17:03:33 GMT">
  <testcase classname="cucumber.api.testng.AbstractTestNGCucumberTests" name="runScenario" time="0.013">
    <failure type="java.lang.AbstractMethodError" message="Receiver class cucumber.runtime.java.JavaStepDefinition does not define or inherit an implementation of the resolved method abstract matchedArguments(Lgherkin/pickles/PickleStep;)Ljava/util/List; of interface cucumber.runtime.StepDefinition.">
      <![CDATA[java.lang.AbstractMethodError: Receiver class cucumber.runtime.java.JavaStepDefinition does not define or inherit an implementation of the resolved method abstract matchedArguments(Lgherkin/pickles/PickleStep;)Ljava/util/List; of interface cucumber.runtime.StepDefinition.
at cucumber.runtime.RuntimeGlue.stepDefinitionMatches(RuntimeGlue.java:77)
at cucumber.runtime.RuntimeGlue.stepDefinitionMatch(RuntimeGlue.java:63)
at cucumber.runner.Runner.addTestStepsForPickleSteps(Runner.java:109)
at cucumber.runner.Runner.createTestCaseForPickle(Runner.java:98)
at cucumber.runner.Runner.runPickle(Runner.java:79)
at cucumber.api.testng.TestNGCucumberRunner.runScenario(TestNGCucumberRunner.java:84)
at cucumber.api.testng.AbstractTestNGCucumberTests.runScenario(AbstractTestNGCucumberTests.java:22)
at ✽.Initialize the browser with Chrome(src/test/java/features/Login.feature:4)
... Removed 25 stack frames]]>
    </failure>
  </testcase> <!-- runScenario -->
  <testcase classname="cucumber.api.testng.AbstractTestNGCucumberTests" name="runScenario" time="0.075">
    <failure type="java.lang.NullPointerException">
      <![CDATA[java.lang.NullPointerException
at EndToEndTestCases.base.getScreenshot(base.java:50)
at EndToEndTestCases.listeners.onTestFailure(listeners.java:34)
... Removed 22 stack frames]]>
    </failure>
  </testcase> <!-- runScenario -->
</testsuite> <!-- Test -->
