<?xml version="1.0" encoding="UTF-8"?>
<testng-results ignored="0" total="2" passed="2" failed="0" skipped="0">
  <reporter-output>
  </reporter-output>
  <suite started-at="2019-08-30T00:27:51 IST" name="Suite" finished-at="2019-08-30T00:28:04 IST" duration-ms="13140">
    <groups>
    </groups>
    <test started-at="2019-08-30T00:27:51 IST" name="Test" finished-at="2019-08-30T00:28:00 IST" duration-ms="8693">
      <class name="EndToEndTestCases.RediffWebsite">
        <test-method is-config="true" signature="initializingTest()[pri:0, instance:EndToEndTestCases.RediffWebsite@5d12a356]" started-at="2019-08-30T00:27:51 IST" name="initializingTest" finished-at="2019-08-30T00:27:56 IST" duration-ms="5124" status="PASS">
          <reporter-output>
          </reporter-output>
        </test-method> <!-- initializingTest -->
        <test-method signature="HomePageLogin(java.lang.String, java.lang.String)[pri:0, instance:EndToEndTestCases.RediffWebsite@5d12a356]" started-at="2019-08-30T00:27:56 IST" name="HomePageLogin" data-provider="getData" finished-at="2019-08-30T00:28:00 IST" duration-ms="3342" status="PASS">
          <params>
            <param index="0">
              <value>
                <![CDATA[abcde]]>
              </value>
            </param>
            <param index="1">
              <value>
                <![CDATA[1234]]>
              </value>
            </param>
          </params>
          <reporter-output>
          </reporter-output>
        </test-method> <!-- HomePageLogin -->
        <test-method is-config="true" signature="tearDown()[pri:0, instance:EndToEndTestCases.RediffWebsite@5d12a356]" started-at="2019-08-30T00:28:00 IST" name="tearDown" finished-at="2019-08-30T00:28:00 IST" duration-ms="180" status="PASS">
          <reporter-output>
          </reporter-output>
        </test-method> <!-- tearDown -->
      </class> <!-- EndToEndTestCases.RediffWebsite -->
    </test> <!-- Test -->
    <test started-at="2019-08-30T00:28:00 IST" name="Test1" finished-at="2019-08-30T00:28:00 IST" duration-ms="0">
    </test> <!-- Test1 -->
    <test started-at="2019-08-30T00:28:00 IST" name="Test2" finished-at="2019-08-30T00:28:04 IST" duration-ms="4371">
      <class name="EndToEndTestCases.Validation">
        <test-method is-config="true" signature="initializingTest()[pri:0, instance:EndToEndTestCases.Validation@46944ca9]" started-at="2019-08-30T00:28:00 IST" name="initializingTest" finished-at="2019-08-30T00:28:04 IST" duration-ms="4196" status="PASS">
          <reporter-output>
          </reporter-output>
        </test-method> <!-- initializingTest -->
        <test-method signature="Validation()[pri:0, instance:EndToEndTestCases.Validation@46944ca9]" started-at="2019-08-30T00:28:04 IST" name="Validation" finished-at="2019-08-30T00:28:04 IST" duration-ms="54" status="PASS">
          <reporter-output>
          </reporter-output>
        </test-method> <!-- Validation -->
        <test-method is-config="true" signature="tearDown()[pri:0, instance:EndToEndTestCases.Validation@46944ca9]" started-at="2019-08-30T00:28:04 IST" name="tearDown" finished-at="2019-08-30T00:28:04 IST" duration-ms="119" status="PASS">
          <reporter-output>
          </reporter-output>
        </test-method> <!-- tearDown -->
      </class> <!-- EndToEndTestCases.Validation -->
    </test> <!-- Test2 -->
  </suite> <!-- Suite -->
</testng-results>
